{
  "stats": {
    "suites": 1,
    "tests": 1,
    "passes": 0,
    "pending": 0,
    "failures": 1,
    "start": "2024-11-16T22:28:59.194Z",
    "end": "2024-11-16T22:28:59.909Z",
    "duration": 715,
    "testsRegistered": 9,
    "passPercent": 0,
    "pendingPercent": 0,
    "other": 0,
    "hasOther": false,
    "skipped": 8,
    "hasSkipped": true
  },
  "results": [
    {
      "uuid": "c75db7a8-4c14-49a4-a36a-ffd33ca3cfe2",
      "title": "",
      "fullFile": "cypress/e2e/spec.cy.js",
      "file": "cypress/e2e/spec.cy.js",
      "beforeHooks": [],
      "afterHooks": [],
      "tests": [],
      "suites": [
        {
          "uuid": "24dbf06c-56f2-410f-b87c-cb945cbd719d",
          "title": "Cypress Kitchen Sink Example",
          "fullFile": "",
          "file": "",
          "beforeHooks": [],
          "afterHooks": [],
          "tests": [
            {
              "title": "should verify the URL",
              "fullTitle": "Cypress Kitchen Sink Example should verify the URL",
              "timedOut": null,
              "duration": 676,
              "state": "failed",
              "speed": null,
              "pass": false,
              "fail": true,
              "pending": false,
              "context": null,
              "code": "cy.url().should('eq', 'http://localhost:53850');",
              "err": {
                "message": "CypressError: `cy.visit()` failed trying to load:\n\nhttp://localhost:53850/\n\nWe attempted to make an http request to this URL but the request failed without a response.\n\nWe received this error at the network level:\n\n  > Error: connect ECONNREFUSED 127.0.0.1:53850\n\nCommon situations why this would fail:\n  - you don't have internet access\n  - you forgot to run / boot your web server\n  - your web server isn't accessible\n  - you have weird network configuration settings on your computer\n\nBecause this error occurred during a `before each` hook we are skipping the remaining tests in the current suite: `Cypress Kitchen Sink Example`",
                "estack": "CypressError: `cy.visit()` failed trying to load:\n\nhttp://localhost:53850/\n\nWe attempted to make an http request to this URL but the request failed without a response.\n\nWe received this error at the network level:\n\n  > Error: connect ECONNREFUSED 127.0.0.1:53850\n\nCommon situations why this would fail:\n  - you don't have internet access\n  - you forgot to run / boot your web server\n  - your web server isn't accessible\n  - you have weird network configuration settings on your computer\n\nBecause this error occurred during a `before each` hook we are skipping the remaining tests in the current suite: `Cypress Kitchen Sink Example`\n    at <unknown> (http://localhost:53920/__cypress/runner/cypress_runner.js:131450:74)\n    at visitFailedByErr (http://localhost:53920/__cypress/runner/cypress_runner.js:130849:12)\n    at <unknown> (http://localhost:53920/__cypress/runner/cypress_runner.js:131449:11)\n    at tryCatcher (http://localhost:53920/__cypress/runner/cypress_runner.js:1807:23)\n    at Promise._settlePromiseFromHandler (http://localhost:53920/__cypress/runner/cypress_runner.js:1519:31)\n    at Promise._settlePromise (http://localhost:53920/__cypress/runner/cypress_runner.js:1576:18)\n    at Promise._settlePromise0 (http://localhost:53920/__cypress/runner/cypress_runner.js:1621:10)\n    at Promise._settlePromises (http://localhost:53920/__cypress/runner/cypress_runner.js:1697:18)\n    at _drainQueueStep (http://localhost:53920/__cypress/runner/cypress_runner.js:2407:12)\n    at _drainQueue (http://localhost:53920/__cypress/runner/cypress_runner.js:2400:9)\n    at Async._drainQueues (http://localhost:53920/__cypress/runner/cypress_runner.js:2416:5)\n    at Async.drainQueues (http://localhost:53920/__cypress/runner/cypress_runner.js:2286:14)\nFrom Your Spec Code:\n    at Context.eval (webpack://projecta/./cypress/e2e/spec.cy.js:17:7)\n\nFrom Node.js Internals:\n  Error: connect ECONNREFUSED 127.0.0.1:53850\n      at TCPConnectWrap.afterConnect [as oncomplete] (node:net:1495:16)",
                "diff": null
              },
              "uuid": "cf2254f3-bc94-4626-b6fd-276e8b4c207b",
              "parentUUID": "24dbf06c-56f2-410f-b87c-cb945cbd719d",
              "isHook": false,
              "skipped": false
            },
            {
              "title": "should select elements and interact with them",
              "fullTitle": "Cypress Kitchen Sink Example should select elements and interact with them",
              "timedOut": null,
              "duration": 0,
              "state": "skipped",
              "speed": null,
              "pass": false,
              "fail": false,
              "pending": false,
              "context": null,
              "code": "cy.contains('Querying').click({\n  force: true\n});\ncy.url().should('include', '/commands/querying');\ncy.get('.query-btn').as('queryButton');\ncy.get('@queryButton').click();\ncy.get('@queryButton').should('contain', 'Button');",
              "err": {},
              "uuid": "a48143ab-aa0b-48a7-aec3-fdd5f939d0e2",
              "parentUUID": "24dbf06c-56f2-410f-b87c-cb945cbd719d",
              "isHook": false,
              "skipped": true
            },
            {
              "title": "should use assertions to verify element properties",
              "fullTitle": "Cypress Kitchen Sink Example should use assertions to verify element properties",
              "timedOut": null,
              "duration": 0,
              "state": "skipped",
              "speed": null,
              "pass": false,
              "fail": false,
              "pending": false,
              "context": null,
              "code": "cy.contains('Actions').click({\n  force: true\n});\ncy.get('#email1').as('emailInput');\ncy.get('@emailInput').type('test@example.com').should('have.value', 'test@example.com');\ncy.get('.action-btn').should('be.visible').and('not.be.disabled');",
              "err": {},
              "uuid": "d1b762e6-af8d-46f3-a65b-3aada9d5dfa3",
              "parentUUID": "24dbf06c-56f2-410f-b87c-cb945cbd719d",
              "isHook": false,
              "skipped": true
            },
            {
              "title": "should use aliases for elements",
              "fullTitle": "Cypress Kitchen Sink Example should use aliases for elements",
              "timedOut": null,
              "duration": 0,
              "state": "skipped",
              "speed": null,
              "pass": false,
              "fail": false,
              "pending": false,
              "context": null,
              "code": "cy.contains('Actions').click({\n  force: true\n});\ncy.get('#email1').as('emailInput');\ncy.get('.action-btn').as('submitButton');\ncy.get('@emailInput').type('alias@example.com');\ncy.get('@emailInput').should('have.value', 'alias@example.com');\ncy.get('@submitButton').click();",
              "err": {},
              "uuid": "c820c10c-30c9-4c2a-9ea3-2204345901cd",
              "parentUUID": "24dbf06c-56f2-410f-b87c-cb945cbd719d",
              "isHook": false,
              "skipped": true
            },
            {
              "title": "should chain commands to perform multiple actions",
              "fullTitle": "Cypress Kitchen Sink Example should chain commands to perform multiple actions",
              "timedOut": null,
              "duration": 0,
              "state": "skipped",
              "speed": null,
              "pass": false,
              "fail": false,
              "pending": false,
              "context": null,
              "code": "cy.contains('Actions').click({\n  force: true\n});\ncy.get('.action-focus').type('Chained typing').focus().blur();",
              "err": {},
              "uuid": "e7c585a7-c8fb-444f-9fc4-c1df936649a4",
              "parentUUID": "24dbf06c-56f2-410f-b87c-cb945cbd719d",
              "isHook": false,
              "skipped": true
            },
            {
              "title": "should use custom commands",
              "fullTitle": "Cypress Kitchen Sink Example should use custom commands",
              "timedOut": null,
              "duration": 0,
              "state": "skipped",
              "speed": null,
              "pass": false,
              "fail": false,
              "pending": false,
              "context": null,
              "code": "cy.login('fake@email.com', 'password123');\ncy.get('.action-email').should('have.value', 'fake@email.com');\ncy.url().should('include', '/commands/actions');",
              "err": {},
              "uuid": "bf792988-f0ce-42ac-9828-290e7afcf5f6",
              "parentUUID": "24dbf06c-56f2-410f-b87c-cb945cbd719d",
              "isHook": false,
              "skipped": true
            },
            {
              "title": "successfully logs in with valid credentials,(PageObjects)",
              "fullTitle": "Cypress Kitchen Sink Example successfully logs in with valid credentials,(PageObjects)",
              "timedOut": null,
              "duration": 0,
              "state": "skipped",
              "speed": null,
              "pass": false,
              "fail": false,
              "pending": false,
              "context": null,
              "code": "const username = 'my username';\n// Use the LoginPage object's login method\n_loginPage.default.login(username);",
              "err": {},
              "uuid": "47c6c60f-8ac7-45a4-b78b-0188d7efd66a",
              "parentUUID": "24dbf06c-56f2-410f-b87c-cb945cbd719d",
              "isHook": false,
              "skipped": true
            },
            {
              "title": "should load user fixture data and fill out form",
              "fullTitle": "Cypress Kitchen Sink Example should load user fixture data and fill out form",
              "timedOut": null,
              "duration": 0,
              "state": "skipped",
              "speed": null,
              "pass": false,
              "fail": false,
              "pending": false,
              "context": null,
              "code": "cy.contains('Actions').click({\n  force: true\n});\ncy.fixture('user').then(user => {\n  cy.get('#email1').type(user.email).should('have.value', user.email);\n});",
              "err": {},
              "uuid": "d1a11b3c-5171-4136-8710-dc9914bb5a7e",
              "parentUUID": "24dbf06c-56f2-410f-b87c-cb945cbd719d",
              "isHook": false,
              "skipped": true
            },
            {
              "title": "should use actions fixture data to log actions",
              "fullTitle": "Cypress Kitchen Sink Example should use actions fixture data to log actions",
              "timedOut": null,
              "duration": 0,
              "state": "skipped",
              "speed": null,
              "pass": false,
              "fail": false,
              "pending": false,
              "context": null,
              "code": "cy.fixture('actions').then(actions => {\n  actions.forEach(action => {\n    cy.log(`Action: ${action.description} - Status: ${action.status}`);\n  });\n});",
              "err": {},
              "uuid": "733f3901-bbb5-48fe-8ebc-d1cd625e76a7",
              "parentUUID": "24dbf06c-56f2-410f-b87c-cb945cbd719d",
              "isHook": false,
              "skipped": true
            }
          ],
          "suites": [],
          "passes": [],
          "failures": [
            "cf2254f3-bc94-4626-b6fd-276e8b4c207b"
          ],
          "pending": [],
          "skipped": [
            "a48143ab-aa0b-48a7-aec3-fdd5f939d0e2",
            "d1b762e6-af8d-46f3-a65b-3aada9d5dfa3",
            "c820c10c-30c9-4c2a-9ea3-2204345901cd",
            "e7c585a7-c8fb-444f-9fc4-c1df936649a4",
            "bf792988-f0ce-42ac-9828-290e7afcf5f6",
            "47c6c60f-8ac7-45a4-b78b-0188d7efd66a",
            "d1a11b3c-5171-4136-8710-dc9914bb5a7e",
            "733f3901-bbb5-48fe-8ebc-d1cd625e76a7"
          ],
          "duration": 676,
          "root": false,
          "rootEmpty": false,
          "_timeout": 2000
        }
      ],
      "passes": [],
      "failures": [],
      "pending": [],
      "skipped": [],
      "duration": 0,
      "root": true,
      "rootEmpty": true,
      "_timeout": 2000
    }
  ],
  "meta": {
    "mocha": {
      "version": "7.0.1"
    },
    "mochawesome": {
      "options": {
        "quiet": false,
        "reportFilename": "mochawesome",
        "saveHtml": false,
        "saveJson": true,
        "consoleReporter": "spec",
        "useInlineDiffs": false,
        "code": true
      },
      "version": "7.1.3"
    },
    "marge": {
      "options": {
        "reportDir": "cypress/reports",
        "overwrite": false,
        "html": false,
        "json": true
      },
      "version": "6.2.0"
    }
  }
}