{
  "stats": {
    "suites": 1,
    "tests": 9,
    "passes": 9,
    "pending": 0,
    "failures": 0,
    "start": "2024-11-16T22:55:56.941Z",
    "end": "2024-11-16T22:56:04.838Z",
    "duration": 7897,
    "testsRegistered": 9,
    "passPercent": 100,
    "pendingPercent": 0,
    "other": 0,
    "hasOther": false,
    "skipped": 0,
    "hasSkipped": false
  },
  "results": [
    {
      "uuid": "fb92d5a0-dfe2-4e25-8416-caf3b649656b",
      "title": "",
      "fullFile": "cypress/e2e/spec.cy.js",
      "file": "cypress/e2e/spec.cy.js",
      "beforeHooks": [],
      "afterHooks": [],
      "tests": [],
      "suites": [
        {
          "uuid": "8a106438-2213-4f44-95eb-dcb98cc3dc47",
          "title": "Cypress Kitchen Sink Example",
          "fullFile": "",
          "file": "",
          "beforeHooks": [],
          "afterHooks": [],
          "tests": [
            {
              "title": "should verify the URL",
              "fullTitle": "Cypress Kitchen Sink Example should verify the URL",
              "timedOut": null,
              "duration": 540,
              "state": "passed",
              "speed": "fast",
              "pass": true,
              "fail": false,
              "pending": false,
              "context": null,
              "code": "cy.url().should('eq', 'https://example.cypress.io/');",
              "err": {},
              "uuid": "c528746d-882d-42a5-9495-a1b354b532e4",
              "parentUUID": "8a106438-2213-4f44-95eb-dcb98cc3dc47",
              "isHook": false,
              "skipped": false
            },
            {
              "title": "should select elements and interact with them",
              "fullTitle": "Cypress Kitchen Sink Example should select elements and interact with them",
              "timedOut": null,
              "duration": 772,
              "state": "passed",
              "speed": "fast",
              "pass": true,
              "fail": false,
              "pending": false,
              "context": null,
              "code": "cy.contains('Querying').click({\n  force: true\n});\ncy.url().should('include', '/commands/querying');\ncy.get('.query-btn').as('queryButton');\ncy.get('@queryButton').click();\ncy.get('@queryButton').should('contain', 'Button');",
              "err": {},
              "uuid": "6c2265f3-60ac-4616-a039-bb162cac6a98",
              "parentUUID": "8a106438-2213-4f44-95eb-dcb98cc3dc47",
              "isHook": false,
              "skipped": false
            },
            {
              "title": "should use assertions to verify element properties",
              "fullTitle": "Cypress Kitchen Sink Example should use assertions to verify element properties",
              "timedOut": null,
              "duration": 1012,
              "state": "passed",
              "speed": "fast",
              "pass": true,
              "fail": false,
              "pending": false,
              "context": null,
              "code": "cy.contains('Actions').click({\n  force: true\n});\ncy.get('#email1').as('emailInput');\ncy.get('@emailInput').type('test@example.com').should('have.value', 'test@example.com');\ncy.get('.action-btn').should('be.visible').and('not.be.disabled');",
              "err": {},
              "uuid": "77df1f93-1aef-4066-9cf3-385dafef5a6a",
              "parentUUID": "8a106438-2213-4f44-95eb-dcb98cc3dc47",
              "isHook": false,
              "skipped": false
            },
            {
              "title": "should use aliases for elements",
              "fullTitle": "Cypress Kitchen Sink Example should use aliases for elements",
              "timedOut": null,
              "duration": 887,
              "state": "passed",
              "speed": "fast",
              "pass": true,
              "fail": false,
              "pending": false,
              "context": null,
              "code": "cy.contains('Actions').click({\n  force: true\n});\ncy.get('#email1').as('emailInput');\ncy.get('.action-btn').as('submitButton');\ncy.get('@emailInput').type('alias@example.com');\ncy.get('@emailInput').should('have.value', 'alias@example.com');\ncy.get('@submitButton').click();",
              "err": {},
              "uuid": "b4c7573f-eb2f-4321-bf64-ae82e341adaa",
              "parentUUID": "8a106438-2213-4f44-95eb-dcb98cc3dc47",
              "isHook": false,
              "skipped": false
            },
            {
              "title": "should chain commands to perform multiple actions",
              "fullTitle": "Cypress Kitchen Sink Example should chain commands to perform multiple actions",
              "timedOut": null,
              "duration": 814,
              "state": "passed",
              "speed": "fast",
              "pass": true,
              "fail": false,
              "pending": false,
              "context": null,
              "code": "cy.contains('Actions').click({\n  force: true\n});\ncy.get('.action-focus').type('Chained typing').focus().blur();",
              "err": {},
              "uuid": "7032dc26-7810-4de4-93f2-400e15678b53",
              "parentUUID": "8a106438-2213-4f44-95eb-dcb98cc3dc47",
              "isHook": false,
              "skipped": false
            },
            {
              "title": "should use custom commands",
              "fullTitle": "Cypress Kitchen Sink Example should use custom commands",
              "timedOut": null,
              "duration": 865,
              "state": "passed",
              "speed": "fast",
              "pass": true,
              "fail": false,
              "pending": false,
              "context": null,
              "code": "cy.login('fake@email.com', 'password123');\ncy.get('.action-email').should('have.value', 'fake@email.com');\ncy.url().should('include', '/commands/actions');",
              "err": {},
              "uuid": "0236da7b-316d-4e2b-b936-a98f39d14efd",
              "parentUUID": "8a106438-2213-4f44-95eb-dcb98cc3dc47",
              "isHook": false,
              "skipped": false
            },
            {
              "title": "successfully logs in with valid credentials,(PageObjects)",
              "fullTitle": "Cypress Kitchen Sink Example successfully logs in with valid credentials,(PageObjects)",
              "timedOut": null,
              "duration": 895,
              "state": "passed",
              "speed": "fast",
              "pass": true,
              "fail": false,
              "pending": false,
              "context": null,
              "code": "const username = 'my username';\n// Use the LoginPage object's login method\n_loginPage.default.login(username);",
              "err": {},
              "uuid": "f6e5719c-4bf8-4a36-9aa6-8aaed3d563e1",
              "parentUUID": "8a106438-2213-4f44-95eb-dcb98cc3dc47",
              "isHook": false,
              "skipped": false
            },
            {
              "title": "should load user fixture data and fill out form",
              "fullTitle": "Cypress Kitchen Sink Example should load user fixture data and fill out form",
              "timedOut": null,
              "duration": 839,
              "state": "passed",
              "speed": "fast",
              "pass": true,
              "fail": false,
              "pending": false,
              "context": null,
              "code": "cy.contains('Actions').click({\n  force: true\n});\ncy.fixture('user').then(user => {\n  cy.get('#email1').type(user.email).should('have.value', user.email);\n});",
              "err": {},
              "uuid": "48a57df1-a816-41b8-a125-8615ecc5b6e6",
              "parentUUID": "8a106438-2213-4f44-95eb-dcb98cc3dc47",
              "isHook": false,
              "skipped": false
            },
            {
              "title": "should use actions fixture data to log actions",
              "fullTitle": "Cypress Kitchen Sink Example should use actions fixture data to log actions",
              "timedOut": null,
              "duration": 219,
              "state": "passed",
              "speed": "fast",
              "pass": true,
              "fail": false,
              "pending": false,
              "context": null,
              "code": "cy.fixture('actions').then(actions => {\n  actions.forEach(action => {\n    cy.log(`Action: ${action.description} - Status: ${action.status}`);\n  });\n});",
              "err": {},
              "uuid": "caa7d6ba-8710-4c0b-9065-7a12df4e9d51",
              "parentUUID": "8a106438-2213-4f44-95eb-dcb98cc3dc47",
              "isHook": false,
              "skipped": false
            }
          ],
          "suites": [],
          "passes": [
            "c528746d-882d-42a5-9495-a1b354b532e4",
            "6c2265f3-60ac-4616-a039-bb162cac6a98",
            "77df1f93-1aef-4066-9cf3-385dafef5a6a",
            "b4c7573f-eb2f-4321-bf64-ae82e341adaa",
            "7032dc26-7810-4de4-93f2-400e15678b53",
            "0236da7b-316d-4e2b-b936-a98f39d14efd",
            "f6e5719c-4bf8-4a36-9aa6-8aaed3d563e1",
            "48a57df1-a816-41b8-a125-8615ecc5b6e6",
            "caa7d6ba-8710-4c0b-9065-7a12df4e9d51"
          ],
          "failures": [],
          "pending": [],
          "skipped": [],
          "duration": 6843,
          "root": false,
          "rootEmpty": false,
          "_timeout": 2000
        }
      ],
      "passes": [],
      "failures": [],
      "pending": [],
      "skipped": [],
      "duration": 0,
      "root": true,
      "rootEmpty": true,
      "_timeout": 2000
    }
  ],
  "meta": {
    "mocha": {
      "version": "7.0.1"
    },
    "mochawesome": {
      "options": {
        "quiet": false,
        "reportFilename": "mochawesome",
        "saveHtml": false,
        "saveJson": true,
        "consoleReporter": "spec",
        "useInlineDiffs": false,
        "code": true
      },
      "version": "7.1.3"
    },
    "marge": {
      "options": {
        "reportDir": "cypress/reports",
        "overwrite": false,
        "html": false,
        "json": true
      },
      "version": "6.2.0"
    }
  }
}