{
  "stats": {
    "suites": 1,
    "tests": 4,
    "passes": 4,
    "pending": 0,
    "failures": 0,
    "start": "2024-11-16T22:55:51.764Z",
    "end": "2024-11-16T22:55:56.153Z",
    "duration": 4389,
    "testsRegistered": 4,
    "passPercent": 100,
    "pendingPercent": 0,
    "other": 0,
    "hasOther": false,
    "skipped": 0,
    "hasSkipped": false
  },
  "results": [
    {
      "uuid": "83544cc8-6054-4ea9-bf14-991f34504435",
      "title": "",
      "fullFile": "cypress/e2e/apiTest.cy.js",
      "file": "cypress/e2e/apiTest.cy.js",
      "beforeHooks": [],
      "afterHooks": [],
      "tests": [],
      "suites": [
        {
          "uuid": "ec31bf00-ebf0-476b-b789-79c66ac561e3",
          "title": "API Testing with Cypress",
          "fullFile": "",
          "file": "",
          "beforeHooks": [],
          "afterHooks": [],
          "tests": [
            {
              "title": "GET - Read a post",
              "fullTitle": "API Testing with Cypress GET - Read a post",
              "timedOut": null,
              "duration": 173,
              "state": "passed",
              "speed": "fast",
              "pass": true,
              "fail": false,
              "pending": false,
              "context": null,
              "code": "cy.request('https://jsonplaceholder.typicode.com/posts/1').then(response => {\n  expect(response.status).to.eq(200);\n  expect(response.body).to.have.property('id', 1);\n});",
              "err": {},
              "uuid": "c3cd667e-182d-44e7-abf8-5898d26ca3d6",
              "parentUUID": "ec31bf00-ebf0-476b-b789-79c66ac561e3",
              "isHook": false,
              "skipped": false
            },
            {
              "title": "POST - Create a new post",
              "fullTitle": "API Testing with Cypress POST - Create a new post",
              "timedOut": null,
              "duration": 1883,
              "state": "passed",
              "speed": "fast",
              "pass": true,
              "fail": false,
              "pending": false,
              "context": null,
              "code": "cy.request({\n  method: 'POST',\n  url: 'https://jsonplaceholder.typicode.com/posts',\n  body: {\n    title: 'New Post',\n    body: 'This is a new post for testing.',\n    userId: 1\n  }\n}).then(response => {\n  expect(response.status).to.eq(201);\n  expect(response.body).to.have.property('title', 'New Post');\n});",
              "err": {},
              "uuid": "c9af4e82-6ed2-4674-8439-95fd08e89fe3",
              "parentUUID": "ec31bf00-ebf0-476b-b789-79c66ac561e3",
              "isHook": false,
              "skipped": false
            },
            {
              "title": "PUT - Update an existing post",
              "fullTitle": "API Testing with Cypress PUT - Update an existing post",
              "timedOut": null,
              "duration": 1737,
              "state": "passed",
              "speed": "fast",
              "pass": true,
              "fail": false,
              "pending": false,
              "context": null,
              "code": "cy.request({\n  method: 'PUT',\n  url: 'https://jsonplaceholder.typicode.com/posts/1',\n  body: {\n    id: 1,\n    title: 'Updated Post',\n    body: 'This post has been updated.',\n    userId: 1\n  }\n}).then(response => {\n  expect(response.status).to.eq(200);\n  expect(response.body).to.have.property('title', 'Updated Post');\n});",
              "err": {},
              "uuid": "f3811263-bd17-4eee-8513-8ab505b430e7",
              "parentUUID": "ec31bf00-ebf0-476b-b789-79c66ac561e3",
              "isHook": false,
              "skipped": false
            },
            {
              "title": "DELETE - Delete a post",
              "fullTitle": "API Testing with Cypress DELETE - Delete a post",
              "timedOut": null,
              "duration": 511,
              "state": "passed",
              "speed": "fast",
              "pass": true,
              "fail": false,
              "pending": false,
              "context": null,
              "code": "cy.request({\n  method: 'DELETE',\n  url: 'https://jsonplaceholder.typicode.com/posts/1'\n}).then(response => {\n  expect(response.status).to.eq(200);\n});",
              "err": {},
              "uuid": "7ffb2446-10c4-4127-a3cb-d9960685e7d3",
              "parentUUID": "ec31bf00-ebf0-476b-b789-79c66ac561e3",
              "isHook": false,
              "skipped": false
            }
          ],
          "suites": [],
          "passes": [
            "c3cd667e-182d-44e7-abf8-5898d26ca3d6",
            "c9af4e82-6ed2-4674-8439-95fd08e89fe3",
            "f3811263-bd17-4eee-8513-8ab505b430e7",
            "7ffb2446-10c4-4127-a3cb-d9960685e7d3"
          ],
          "failures": [],
          "pending": [],
          "skipped": [],
          "duration": 4304,
          "root": false,
          "rootEmpty": false,
          "_timeout": 2000
        }
      ],
      "passes": [],
      "failures": [],
      "pending": [],
      "skipped": [],
      "duration": 0,
      "root": true,
      "rootEmpty": true,
      "_timeout": 2000
    }
  ],
  "meta": {
    "mocha": {
      "version": "7.0.1"
    },
    "mochawesome": {
      "options": {
        "quiet": false,
        "reportFilename": "mochawesome",
        "saveHtml": false,
        "saveJson": true,
        "consoleReporter": "spec",
        "useInlineDiffs": false,
        "code": true
      },
      "version": "7.1.3"
    },
    "marge": {
      "options": {
        "reportDir": "cypress/reports",
        "overwrite": false,
        "html": false,
        "json": true
      },
      "version": "6.2.0"
    }
  }
}