{
  "stats": {
    "suites": 1,
    "tests": 1,
    "passes": 1,
    "pending": 0,
    "failures": 0,
    "start": "2024-11-16T22:56:05.630Z",
    "end": "2024-11-16T22:56:07.098Z",
    "duration": 1468,
    "testsRegistered": 1,
    "passPercent": 100,
    "pendingPercent": 0,
    "other": 0,
    "hasOther": false,
    "skipped": 0,
    "hasSkipped": false
  },
  "results": [
    {
      "uuid": "3faa15fe-5afd-497f-852e-a043e66566ab",
      "title": "",
      "fullFile": "cypress/e2e/visualRegressionTest.cy.js",
      "file": "cypress/e2e/visualRegressionTest.cy.js",
      "beforeHooks": [],
      "afterHooks": [],
      "tests": [],
      "suites": [
        {
          "uuid": "6bd1adb5-6ca6-47e2-ba38-fe7639c7c8ae",
          "title": "Percy Visual Regression Test",
          "fullFile": "",
          "file": "",
          "beforeHooks": [],
          "afterHooks": [],
          "tests": [
            {
              "title": "takes a Percy snapshot of the homepage",
              "fullTitle": "Percy Visual Regression Test takes a Percy snapshot of the homepage",
              "timedOut": null,
              "duration": 581,
              "state": "passed",
              "speed": "fast",
              "pass": true,
              "fail": false,
              "pending": false,
              "context": null,
              "code": "cy.visit('https://example.cypress.io'); // Visit the page to be tested\ncy.percySnapshot('Homepage Snapshot', {\n  width: [768, 992, 1200]\n}); // Take a snapshot with Percy",
              "err": {},
              "uuid": "1a94ddbc-dbf1-4bc2-bfa9-54007c180617",
              "parentUUID": "6bd1adb5-6ca6-47e2-ba38-fe7639c7c8ae",
              "isHook": false,
              "skipped": false
            }
          ],
          "suites": [],
          "passes": [
            "1a94ddbc-dbf1-4bc2-bfa9-54007c180617"
          ],
          "failures": [],
          "pending": [],
          "skipped": [],
          "duration": 581,
          "root": false,
          "rootEmpty": false,
          "_timeout": 2000
        }
      ],
      "passes": [],
      "failures": [],
      "pending": [],
      "skipped": [],
      "duration": 0,
      "root": true,
      "rootEmpty": true,
      "_timeout": 2000
    }
  ],
  "meta": {
    "mocha": {
      "version": "7.0.1"
    },
    "mochawesome": {
      "options": {
        "quiet": false,
        "reportFilename": "mochawesome",
        "saveHtml": false,
        "saveJson": true,
        "consoleReporter": "spec",
        "useInlineDiffs": false,
        "code": true
      },
      "version": "7.1.3"
    },
    "marge": {
      "options": {
        "reportDir": "cypress/reports",
        "overwrite": false,
        "html": false,
        "json": true
      },
      "version": "6.2.0"
    }
  }
}