{
  "stats": {
    "suites": 1,
    "tests": 1,
    "passes": 0,
    "pending": 0,
    "failures": 1,
    "start": "2024-11-16T22:29:00.860Z",
    "end": "2024-11-16T22:29:01.620Z",
    "duration": 760,
    "testsRegistered": 1,
    "passPercent": 0,
    "pendingPercent": 0,
    "other": 0,
    "hasOther": false,
    "skipped": 0,
    "hasSkipped": false
  },
  "results": [
    {
      "uuid": "e8fd3650-9d82-489f-b199-4619aedee9f8",
      "title": "",
      "fullFile": "cypress/e2e/visualRegressionTest.cy.js",
      "file": "cypress/e2e/visualRegressionTest.cy.js",
      "beforeHooks": [],
      "afterHooks": [],
      "tests": [],
      "suites": [
        {
          "uuid": "1837606d-0bce-4329-82b5-1436f08b20a2",
          "title": "Percy Visual Regression Test",
          "fullFile": "",
          "file": "",
          "beforeHooks": [],
          "afterHooks": [],
          "tests": [
            {
              "title": "takes a Percy snapshot of the homepage",
              "fullTitle": "Percy Visual Regression Test takes a Percy snapshot of the homepage",
              "timedOut": null,
              "duration": 737,
              "state": "failed",
              "speed": null,
              "pass": false,
              "fail": true,
              "pending": false,
              "context": null,
              "code": "cy.visit('http://localhost:53850/'); // Visit the page to be tested\ncy.percySnapshot('Homepage Snapshot', {\n  width: [768, 992, 1200]\n}); // Take a snapshot with Percy",
              "err": {
                "message": "CypressError: `cy.visit()` failed trying to load:\n\nhttp://localhost:53850/\n\nWe attempted to make an http request to this URL but the request failed without a response.\n\nWe received this error at the network level:\n\n  > Error: connect ECONNREFUSED 127.0.0.1:53850\n\nCommon situations why this would fail:\n  - you don't have internet access\n  - you forgot to run / boot your web server\n  - your web server isn't accessible\n  - you have weird network configuration settings on your computer",
                "estack": "CypressError: `cy.visit()` failed trying to load:\n\nhttp://localhost:53850/\n\nWe attempted to make an http request to this URL but the request failed without a response.\n\nWe received this error at the network level:\n\n  > Error: connect ECONNREFUSED 127.0.0.1:53850\n\nCommon situations why this would fail:\n  - you don't have internet access\n  - you forgot to run / boot your web server\n  - your web server isn't accessible\n  - you have weird network configuration settings on your computer\n    at <unknown> (http://localhost:53920/__cypress/runner/cypress_runner.js:131450:74)\n    at visitFailedByErr (http://localhost:53920/__cypress/runner/cypress_runner.js:130849:12)\n    at <unknown> (http://localhost:53920/__cypress/runner/cypress_runner.js:131449:11)\n    at tryCatcher (http://localhost:53920/__cypress/runner/cypress_runner.js:1807:23)\n    at Promise._settlePromiseFromHandler (http://localhost:53920/__cypress/runner/cypress_runner.js:1519:31)\n    at Promise._settlePromise (http://localhost:53920/__cypress/runner/cypress_runner.js:1576:18)\n    at Promise._settlePromise0 (http://localhost:53920/__cypress/runner/cypress_runner.js:1621:10)\n    at Promise._settlePromises (http://localhost:53920/__cypress/runner/cypress_runner.js:1697:18)\n    at _drainQueueStep (http://localhost:53920/__cypress/runner/cypress_runner.js:2407:12)\n    at _drainQueue (http://localhost:53920/__cypress/runner/cypress_runner.js:2400:9)\n    at Async._drainQueues (http://localhost:53920/__cypress/runner/cypress_runner.js:2416:5)\n    at Async.drainQueues (http://localhost:53920/__cypress/runner/cypress_runner.js:2286:14)\nFrom Your Spec Code:\n    at Context.eval (webpack://projecta/./cypress/e2e/visualRegressionTest.cy.js:3:9)\n\nFrom Node.js Internals:\n  Error: connect ECONNREFUSED 127.0.0.1:53850\n      at TCPConnectWrap.afterConnect [as oncomplete] (node:net:1495:16)",
                "diff": null
              },
              "uuid": "387e9f04-55be-4b95-9e1b-3d501f306b89",
              "parentUUID": "1837606d-0bce-4329-82b5-1436f08b20a2",
              "isHook": false,
              "skipped": false
            }
          ],
          "suites": [],
          "passes": [],
          "failures": [
            "387e9f04-55be-4b95-9e1b-3d501f306b89"
          ],
          "pending": [],
          "skipped": [],
          "duration": 737,
          "root": false,
          "rootEmpty": false,
          "_timeout": 2000
        }
      ],
      "passes": [],
      "failures": [],
      "pending": [],
      "skipped": [],
      "duration": 0,
      "root": true,
      "rootEmpty": true,
      "_timeout": 2000
    }
  ],
  "meta": {
    "mocha": {
      "version": "7.0.1"
    },
    "mochawesome": {
      "options": {
        "quiet": false,
        "reportFilename": "mochawesome",
        "saveHtml": false,
        "saveJson": true,
        "consoleReporter": "spec",
        "useInlineDiffs": false,
        "code": true
      },
      "version": "7.1.3"
    },
    "marge": {
      "options": {
        "reportDir": "cypress/reports",
        "overwrite": false,
        "html": false,
        "json": true
      },
      "version": "6.2.0"
    }
  }
}