{
  "stats": {
    "suites": 1,
    "tests": 2,
    "passes": 2,
    "pending": 0,
    "failures": 0,
    "start": "2024-11-16T22:55:46.992Z",
    "end": "2024-11-16T22:55:50.675Z",
    "duration": 3683,
    "testsRegistered": 2,
    "passPercent": 100,
    "pendingPercent": 0,
    "other": 0,
    "hasOther": false,
    "skipped": 0,
    "hasSkipped": false
  },
  "results": [
    {
      "uuid": "33ede036-c599-430f-ade7-2eced68f50cf",
      "title": "",
      "fullFile": "cypress/e2e/accessibilityTest.cy.js",
      "file": "cypress/e2e/accessibilityTest.cy.js",
      "beforeHooks": [],
      "afterHooks": [],
      "tests": [],
      "suites": [
        {
          "uuid": "249dcc2a-3216-4fa8-aa47-086ef1014373",
          "title": "Quick Accessibility and Element Checks",
          "fullFile": "",
          "file": "",
          "beforeHooks": [],
          "afterHooks": [],
          "tests": [
            {
              "title": "checks the Cypress logo link",
              "fullTitle": "Quick Accessibility and Element Checks checks the Cypress logo link",
              "timedOut": null,
              "duration": 1649,
              "state": "passed",
              "speed": "fast",
              "pass": true,
              "fail": false,
              "pending": false,
              "context": null,
              "code": "// Check the Cypress logo link for correct text and href attribute\ncy.get('a.navbar-brand').should('have.text', 'cypress.io') // Check for the correct link text\n.and('have.attr', 'href', '/'); // Check that the link has the correct href",
              "err": {},
              "uuid": "c933e1f8-c757-4707-8cd4-597a35b32570",
              "parentUUID": "249dcc2a-3216-4fa8-aa47-086ef1014373",
              "isHook": false,
              "skipped": false
            },
            {
              "title": "checks the navbar toggle button",
              "fullTitle": "Quick Accessibility and Element Checks checks the navbar toggle button",
              "timedOut": null,
              "duration": 528,
              "state": "passed",
              "speed": "fast",
              "pass": true,
              "fail": false,
              "pending": false,
              "context": null,
              "code": "// Check the navbar toggle button for its attributes\ncy.get('button.navbar-toggle.collapsed').should('have.attr', 'type', 'button') // Verify type is 'button'\n.and('have.attr', 'data-toggle', 'collapse') // Verify data-toggle attribute\n.and('have.attr', 'data-target', '#navbar'); // Verify data-target attribute\n// Verify that the button contains three icon bars\ncy.get('button.navbar-toggle.collapsed').within(() => {\n  cy.get('.icon-bar').should('have.length', 3); // Check for three icon bars\n});",
              "err": {},
              "uuid": "5ce0748d-beaa-4263-acb4-5ac3dc353a2d",
              "parentUUID": "249dcc2a-3216-4fa8-aa47-086ef1014373",
              "isHook": false,
              "skipped": false
            }
          ],
          "suites": [],
          "passes": [
            "c933e1f8-c757-4707-8cd4-597a35b32570",
            "5ce0748d-beaa-4263-acb4-5ac3dc353a2d"
          ],
          "failures": [],
          "pending": [],
          "skipped": [],
          "duration": 2177,
          "root": false,
          "rootEmpty": false,
          "_timeout": 2000
        }
      ],
      "passes": [],
      "failures": [],
      "pending": [],
      "skipped": [],
      "duration": 0,
      "root": true,
      "rootEmpty": true,
      "_timeout": 2000
    }
  ],
  "meta": {
    "mocha": {
      "version": "7.0.1"
    },
    "mochawesome": {
      "options": {
        "quiet": false,
        "reportFilename": "mochawesome",
        "saveHtml": false,
        "saveJson": true,
        "consoleReporter": "spec",
        "useInlineDiffs": false,
        "code": true
      },
      "version": "7.1.3"
    },
    "marge": {
      "options": {
        "reportDir": "cypress/reports",
        "overwrite": false,
        "html": false,
        "json": true
      },
      "version": "6.2.0"
    }
  }
}